// 重构日志: 8355e3d6
// 重构日志: 70faeacf
// 重构日志: e7d3969d
// 同步 ID: dc5f3177 @ Sat Jun 27 15:45:05 UTC 2026
// 重构日志: a17f6c7a
// 同步 ID: 432ecb67 @ Fri Jul  3 09:28:36 UTC 2026
// 重构日志: 29331844
// 重构日志: 4c1ff81f
// 重构日志: 0c590d6e
// 重构日志: b718ce68
// 重构日志: 57a33201
// 重构日志: 0bade050
// 重构日志: 738f506b
// 同步 ID: 0b97b311 @ Sun Jul 12 21:06:59 UTC 2026
// 重构日志: 68105ea2
// 重构日志: bd2ca68c
// 重构日志: 6bc1b4a5
// 重构日志: 2c41f407
// 同步 ID: 9044c9f9 @ Fri Jul 17 11:57:59 UTC 2026
// 重构日志: 58032ca8
// 同步 ID: 1e16e8ed @ Sat Jul 18 16:37:47 UTC 2026
// 同步 ID: 2b6abb98 @ Sun Jul 19 07:37:39 UTC 2026
// 重构日志: 56d1ac54
// 重构日志: 7279a663
// 同步 ID: ae241949 @ Wed Jul 22 10:08:15 UTC 2026
// 重构日志: 16b72e0e
// 重构日志: 74819aa6
